#
# There is insufficient memory for the Java Runtime Environment to continue.
# Native memory allocation (malloc) failed to allocate 3885296 bytes for Chunk::new
# Possible reasons:
#   The system is out of physical RAM or swap space
#   In 32 bit mode, the process size limit was hit
# Possible solutions:
#   Reduce memory load on the system
#   Increase physical memory or swap space
#   Check if swap backing store is full
#   Use 64 bit Java on a 64 bit OS
#   Decrease Java heap size (-Xmx/-Xms)
#   Decrease number of Java threads
#   Decrease Java thread stack sizes (-Xss)
#   Set larger code cache with -XX:ReservedCodeCacheSize=
# This output file may be truncated or incomplete.
#
#  Out of Memory Error (allocation.cpp:390), pid=20936, tid=0x0000000000006f98
#
# JRE version: Java(TM) SE Runtime Environment (8.0_191-b12) (build 1.8.0_191-b12)
# Java VM: Java HotSpot(TM) 64-Bit Server VM (25.191-b12 mixed mode windows-amd64 compressed oops)
# Failed to write core dump. Minidumps are not enabled by default on client versions of Windows
#

---------------  T H R E A D  ---------------

Current thread (0x000000001f7a2000):  JavaThread "C2 CompilerThread2" daemon [_thread_in_native, id=28568, stack(0x0000000020150000,0x0000000020250000)]

Stack: [0x0000000020150000,0x0000000020250000]
[error occurred during error reporting (printing stack bounds), id 0xc0000005]

Native frames: (J=compiled Java code, j=interpreted, Vv=VM code, C=native code)


Current CompileTask:
C2:   7675 4151       4       org.springframework.core.annotation.TypeMappedAnnotations$MergedAnnotationFinder::doWithAnnotations (10 bytes)


---------------  P R O C E S S  ---------------

Java Threads: ( => current thread )
  0x0000000024620800 JavaThread "DestroyJavaVM" [_thread_blocked, id=22216, stack(0x00000000027f0000,0x00000000028f0000)]
  0x0000000024620000 JavaThread "http-nio-8080-Acceptor" daemon [_thread_in_native, id=27900, stack(0x000000002dc10000,0x000000002dd10000)]
  0x0000000024624800 JavaThread "http-nio-8080-Poller" daemon [_thread_in_native, id=30204, stack(0x000000002db10000,0x000000002dc10000)]
  0x0000000024623000 JavaThread "Live Reload Server" daemon [_thread_in_native, id=30464, stack(0x000000002c620000,0x000000002c720000)]
  0x000000002461d800 JavaThread "File Watcher" daemon [_thread_blocked, id=21220, stack(0x000000002b1a0000,0x000000002b2a0000)]
  0x0000000024623800 JavaThread "HikariPool-1 connection adder" daemon [_thread_in_native, id=6372, stack(0x000000002b0a0000,0x000000002b1a0000)]
  0x000000002461f000 JavaThread "HikariPool-1 housekeeper" daemon [_thread_blocked, id=14844, stack(0x0000000029970000,0x0000000029a70000)]
  0x0000000025d4e000 JavaThread "mysql-cj-abandoned-connection-cleanup" daemon [_thread_blocked, id=30248, stack(0x0000000028430000,0x0000000028530000)]
  0x00000000268a9800 JavaThread "container-0" [_thread_blocked, id=9716, stack(0x0000000027280000,0x0000000027380000)]
  0x000000002132b000 JavaThread "Catalina-utility-2" [_thread_blocked, id=21096, stack(0x0000000027180000,0x0000000027280000)]
  0x0000000022f60800 JavaThread "Catalina-utility-1" [_thread_blocked, id=19812, stack(0x0000000024df0000,0x0000000024ef0000)]
  0x000000001f830000 JavaThread "Service Thread" daemon [_thread_blocked, id=5672, stack(0x0000000020350000,0x0000000020450000)]
  0x000000001f7a4800 JavaThread "C1 CompilerThread3" daemon [_thread_blocked, id=19848, stack(0x0000000020250000,0x0000000020350000)]
=>0x000000001f7a2000 JavaThread "C2 CompilerThread2" daemon [_thread_in_native, id=28568, stack(0x0000000020150000,0x0000000020250000)]
  0x000000001f7a1000 JavaThread "C2 CompilerThread1" daemon [_thread_in_native, id=23720, stack(0x0000000020050000,0x0000000020150000)]
  0x000000001e187000 JavaThread "C2 CompilerThread0" daemon [_thread_in_native, id=11072, stack(0x000000001ff50000,0x0000000020050000)]
  0x000000001de30800 JavaThread "JDWP Command Reader" daemon [_thread_in_native, id=29804, stack(0x000000001f650000,0x000000001f750000)]
  0x000000001de2a000 JavaThread "JDWP Event Helper Thread" daemon [_thread_blocked, id=23060, stack(0x000000001f550000,0x000000001f650000)]
  0x000000001de1d800 JavaThread "JDWP Transport Listener: dt_socket" daemon [_thread_blocked, id=21680, stack(0x000000001f450000,0x000000001f550000)]
  0x000000001de0f800 JavaThread "Attach Listener" daemon [_thread_blocked, id=25468, stack(0x000000001f350000,0x000000001f450000)]
  0x000000001de0e800 JavaThread "Signal Dispatcher" daemon [_thread_blocked, id=19820, stack(0x000000001f250000,0x000000001f350000)]
  0x000000001c714800 JavaThread "Finalizer" daemon [_thread_blocked, id=13864, stack(0x000000001f050000,0x000000001f150000)]
  0x000000001ddf3000 JavaThread "Reference Handler" daemon [_thread_blocked, id=4916, stack(0x000000001ef50000,0x000000001f050000)]

Other Threads:
  0x000000001ddd2800 VMThread [stack: 0x000000001ee50000,0x000000001ef50000] [id=18948]
  0x000000001e18e800 WatcherThread [stack: 0x0000000020450000,0x0000000020550000] [id=9528]

VM state:not at safepoint (normal execution)

VM Mutex/Monitor currently owned by a thread: None

Heap:
 PSYoungGen      total 316416K, used 22004K [0x000000076b700000, 0x0000000780400000, 0x00000007c0000000)
  eden space 295936K, 7% used [0x000000076b700000,0x000000076cc7d128,0x000000077d800000)
  from space 20480K, 0% used [0x000000077eb80000,0x000000077eb80000,0x000000077ff80000)
  to   space 19968K, 0% used [0x000000077d800000,0x000000077d800000,0x000000077eb80000)
 ParOldGen       total 150528K, used 22293K [0x00000006c2400000, 0x00000006cb700000, 0x000000076b700000)
  object space 150528K, 14% used [0x00000006c2400000,0x00000006c39c5600,0x00000006cb700000)
 Metaspace       used 56094K, capacity 59791K, committed 59904K, reserved 1101824K
  class space    used 7551K, capacity 8169K, committed 8192K, reserved 1048576K

Card table byte_map: [0x0000000011f10000,0x0000000012700000] byte_map_base: 0x000000000e8fe000

Marking Bits: (ParMarkBitMap*) 0x000000006c023e30
 Begin Bits: [0x0000000013650000, 0x00000000175c0000)
 End Bits:   [0x00000000175c0000, 0x000000001b530000)

Polling page: 0x0000000002520000

CodeCache: size=245760Kb used=14398Kb max_used=14462Kb free=231361Kb
 bounds [0x0000000002b50000, 0x00000000039f0000, 0x0000000011b50000]
 total_blobs=4718 nmethods=4188 adapters=450
 compilation: enabled

Compilation events (10 events):
Event: 7.543 Thread 0x000000001f7a4800 4712       1       com.mysql.cj.protocol.a.NativeCapabilities::getServerVersion (5 bytes)
Event: 7.544 Thread 0x000000001f7a4800 nmethod 4712 0x0000000002c6a050 code [0x0000000002c6a1a0, 0x0000000002c6a2b0]
Event: 7.572 Thread 0x000000001f7a4800 4713       2       com.mysql.cj.conf.IntegerPropertyDefinition::createRuntimeProperty (9 bytes)
Event: 7.572 Thread 0x000000001f7a4800 nmethod 4713 0x0000000002da6b10 code [0x0000000002da6c80, 0x0000000002da6e68]
Event: 7.628 Thread 0x000000001f7a4800 4714  s    2       sun.security.provider.SecureRandom::engineNextBytes (242 bytes)
Event: 7.629 Thread 0x000000001f7a4800 nmethod 4714 0x0000000002da83d0 code [0x0000000002da85c0, 0x0000000002da8e78]
Event: 7.629 Thread 0x000000001f7a4800 4716       2       java.security.AlgorithmParameters::getParameterSpec (26 bytes)
Event: 7.629 Thread 0x000000001f7a4800 nmethod 4716 0x0000000002da7e90 code [0x0000000002da8020, 0x0000000002da8278]
Event: 7.629 Thread 0x000000001f7a4800 4715       1       java.security.spec.ECFieldF2m::getFieldSize (5 bytes)
Event: 7.629 Thread 0x000000001f7a4800 nmethod 4715 0x0000000002da6850 code [0x0000000002da69a0, 0x0000000002da6ab0]

GC Heap History (10 events):
Event: 3.881 GC heap before
{Heap before GC invocations=7 (full 1):
 PSYoungGen      total 140800K, used 128550K [0x000000076b700000, 0x0000000779a00000, 0x00000007c0000000)
  eden space 130048K, 90% used [0x000000076b700000,0x0000000772a0e838,0x0000000773600000)
  from space 10752K, 99% used [0x0000000773600000,0x000000077407b310,0x0000000774080000)
  to   space 13824K, 0% used [0x0000000778c80000,0x0000000778c80000,0x0000000779a00000)
 ParOldGen       total 96256K, used 7829K [0x00000006c2400000, 0x00000006c8200000, 0x000000076b700000)
  object space 96256K, 8% used [0x00000006c2400000,0x00000006c2ba5788,0x00000006c8200000)
 Metaspace       used 33232K, capacity 35406K, committed 35496K, reserved 1081344K
  class space    used 4237K, capacity 4607K, committed 4608K, reserved 1048576K
Event: 3.886 GC heap after
Heap after GC invocations=7 (full 1):
 PSYoungGen      total 212480K, used 9003K [0x000000076b700000, 0x0000000779700000, 0x00000007c0000000)
  eden space 201728K, 0% used [0x000000076b700000,0x000000076b700000,0x0000000777c00000)
  from space 10752K, 83% used [0x0000000778c80000,0x000000077954ad90,0x0000000779700000)
  to   space 13824K, 0% used [0x0000000777c00000,0x0000000777c00000,0x0000000778980000)
 ParOldGen       total 96256K, used 7837K [0x00000006c2400000, 0x00000006c8200000, 0x000000076b700000)
  object space 96256K, 8% used [0x00000006c2400000,0x00000006c2ba7788,0x00000006c8200000)
 Metaspace       used 33232K, capacity 35406K, committed 35496K, reserved 1081344K
  class space    used 4237K, capacity 4607K, committed 4608K, reserved 1048576K
}
Event: 3.886 GC heap before
{Heap before GC invocations=8 (full 2):
 PSYoungGen      total 212480K, used 9003K [0x000000076b700000, 0x0000000779700000, 0x00000007c0000000)
  eden space 201728K, 0% used [0x000000076b700000,0x000000076b700000,0x0000000777c00000)
  from space 10752K, 83% used [0x0000000778c80000,0x000000077954ad90,0x0000000779700000)
  to   space 13824K, 0% used [0x0000000777c00000,0x0000000777c00000,0x0000000778980000)
 ParOldGen       total 96256K, used 7837K [0x00000006c2400000, 0x00000006c8200000, 0x000000076b700000)
  object space 96256K, 8% used [0x00000006c2400000,0x00000006c2ba7788,0x00000006c8200000)
 Metaspace       used 33232K, capacity 35406K, committed 35496K, reserved 1081344K
  class space    used 4237K, capacity 4607K, committed 4608K, reserved 1048576K
Event: 3.927 GC heap after
Heap after GC invocations=8 (full 2):
 PSYoungGen      total 212480K, used 0K [0x000000076b700000, 0x0000000779700000, 0x00000007c0000000)
  eden space 201728K, 0% used [0x000000076b700000,0x000000076b700000,0x0000000777c00000)
  from space 10752K, 0% used [0x0000000778c80000,0x0000000778c80000,0x0000000779700000)
  to   space 13824K, 0% used [0x0000000777c00000,0x0000000777c00000,0x0000000778980000)
 ParOldGen       total 150528K, used 13374K [0x00000006c2400000, 0x00000006cb700000, 0x000000076b700000)
  object space 150528K, 8% used [0x00000006c2400000,0x00000006c310fbd8,0x00000006cb700000)
 Metaspace       used 33232K, capacity 35406K, committed 35496K, reserved 1081344K
  class space    used 4237K, capacity 4607K, committed 4608K, reserved 1048576K
}
Event: 6.699 GC heap before
{Heap before GC invocations=9 (full 2):
 PSYoungGen      total 212480K, used 201728K [0x000000076b700000, 0x0000000779700000, 0x00000007c0000000)
  eden space 201728K, 100% used [0x000000076b700000,0x0000000777c00000,0x0000000777c00000)
  from space 10752K, 0% used [0x0000000778c80000,0x0000000778c80000,0x0000000779700000)
  to   space 13824K, 0% used [0x0000000777c00000,0x0000000777c00000,0x0000000778980000)
 ParOldGen       total 150528K, used 13374K [0x00000006c2400000, 0x00000006cb700000, 0x000000076b700000)
  object space 150528K, 8% used [0x00000006c2400000,0x00000006c310fbd8,0x00000006cb700000)
 Metaspace       used 53644K, capacity 56868K, committed 56960K, reserved 1097728K
  class space    used 7183K, capacity 7731K, committed 7808K, reserved 1048576K
Event: 6.721 GC heap after
Heap after GC invocations=9 (full 2):
 PSYoungGen      total 215552K, used 13810K [0x000000076b700000, 0x000000077ff80000, 0x00000007c0000000)
  eden space 201728K, 0% used [0x000000076b700000,0x000000076b700000,0x0000000777c00000)
  from space 13824K, 99% used [0x0000000777c00000,0x000000077897c978,0x0000000778980000)
  to   space 20480K, 0% used [0x000000077eb80000,0x000000077eb80000,0x000000077ff80000)
 ParOldGen       total 150528K, used 23259K [0x00000006c2400000, 0x00000006cb700000, 0x000000076b700000)
  object space 150528K, 15% used [0x00000006c2400000,0x00000006c3ab6d80,0x00000006cb700000)
 Metaspace       used 53644K, capacity 56868K, committed 56960K, reserved 1097728K
  class space    used 7183K, capacity 7731K, committed 7808K, reserved 1048576K
}
Event: 7.098 GC heap before
{Heap before GC invocations=10 (full 2):
 PSYoungGen      total 215552K, used 49238K [0x000000076b700000, 0x000000077ff80000, 0x00000007c0000000)
  eden space 201728K, 17% used [0x000000076b700000,0x000000076d999118,0x0000000777c00000)
  from space 13824K, 99% used [0x0000000777c00000,0x000000077897c978,0x0000000778980000)
  to   space 20480K, 0% used [0x000000077eb80000,0x000000077eb80000,0x000000077ff80000)
 ParOldGen       total 150528K, used 23259K [0x00000006c2400000, 0x00000006cb700000, 0x000000076b700000)
  object space 150528K, 15% used [0x00000006c2400000,0x00000006c3ab6d80,0x00000006cb700000)
 Metaspace       used 55627K, capacity 59155K, committed 59160K, reserved 1099776K
  class space    used 7463K, capacity 8064K, committed 8064K, reserved 1048576K
Event: 7.106 GC heap after
Heap after GC invocations=10 (full 2):
 PSYoungGen      total 316416K, used 12041K [0x000000076b700000, 0x0000000780400000, 0x00000007c0000000)
  eden space 295936K, 0% used [0x000000076b700000,0x000000076b700000,0x000000077d800000)
  from space 20480K, 58% used [0x000000077eb80000,0x000000077f742678,0x000000077ff80000)
  to   space 19968K, 0% used [0x000000077d800000,0x000000077d800000,0x000000077eb80000)
 ParOldGen       total 150528K, used 23267K [0x00000006c2400000, 0x00000006cb700000, 0x000000076b700000)
  object space 150528K, 15% used [0x00000006c2400000,0x00000006c3ab8d80,0x00000006cb700000)
 Metaspace       used 55627K, capacity 59155K, committed 59160K, reserved 1099776K
  class space    used 7463K, capacity 8064K, committed 8064K, reserved 1048576K
}
Event: 7.106 GC heap before
{Heap before GC invocations=11 (full 3):
 PSYoungGen      total 316416K, used 12041K [0x000000076b700000, 0x0000000780400000, 0x00000007c0000000)
  eden space 295936K, 0% used [0x000000076b700000,0x000000076b700000,0x000000077d800000)
  from space 20480K, 58% used [0x000000077eb80000,0x000000077f742678,0x000000077ff80000)
  to   space 19968K, 0% used [0x000000077d800000,0x000000077d800000,0x000000077eb80000)
 ParOldGen       total 150528K, used 23267K [0x00000006c2400000, 0x00000006cb700000, 0x000000076b700000)
  object space 150528K, 15% used [0x00000006c2400000,0x00000006c3ab8d80,0x00000006cb700000)
 Metaspace       used 55627K, capacity 59155K, committed 59160K, reserved 1099776K
  class space    used 7463K, capacity 8064K, committed 8064K, reserved 1048576K
Event: 7.266 GC heap after
Heap after GC invocations=11 (full 3):
 PSYoungGen      total 316416K, used 0K [0x000000076b700000, 0x0000000780400000, 0x00000007c0000000)
  eden space 295936K, 0% used [0x000000076b700000,0x000000076b700000,0x000000077d800000)
  from space 20480K, 0% used [0x000000077eb80000,0x000000077eb80000,0x000000077ff80000)
  to   space 19968K, 0% used [0x000000077d800000,0x000000077d800000,0x000000077eb80000)
 ParOldGen       total 150528K, used 22293K [0x00000006c2400000, 0x00000006cb700000, 0x000000076b700000)
  object space 150528K, 14% used [0x00000006c2400000,0x00000006c39c5600,0x00000006cb700000)
 Metaspace       used 55627K, capacity 59155K, committed 59160K, reserved 1099776K
  class space    used 7463K, capacity 8064K, committed 8064K, reserved 1048576K
}

Deoptimization events (10 events):
Event: 6.606 Thread 0x0000000020c07000 Uncommon trap: reason=unstable_if action=reinterpret pc=0x00000000030c8218 method=java.util.concurrent.ConcurrentHashMap.transfer([Ljava/util/concurrent/ConcurrentHashMap$Node;[Ljava/util/concurrent/ConcurrentHashMap$Node;)V @ 356
Event: 6.741 Thread 0x0000000020c07000 Uncommon trap: reason=class_check action=maybe_recompile pc=0x00000000035bb540 method=java.lang.reflect.Method.equals(Ljava/lang/Object;)Z @ 5
Event: 6.792 Thread 0x0000000020c07000 Uncommon trap: reason=class_check action=maybe_recompile pc=0x00000000035bb540 method=java.lang.reflect.Method.equals(Ljava/lang/Object;)Z @ 5
Event: 6.792 Thread 0x0000000020c07000 Uncommon trap: reason=class_check action=maybe_recompile pc=0x00000000035bb540 method=java.lang.reflect.Method.equals(Ljava/lang/Object;)Z @ 5
Event: 7.033 Thread 0x0000000020c07000 Uncommon trap: reason=unstable_if action=reinterpret pc=0x00000000036ae164 method=org.springframework.beans.factory.support.DefaultSingletonBeanRegistry.getSingleton(Ljava/lang/String;Z)Ljava/lang/Object; @ 39
Event: 7.057 Thread 0x0000000020c07000 Uncommon trap: reason=null_check action=make_not_entrant pc=0x00000000033197ec method=org.springframework.util.ClassUtils.isAssignable(Ljava/lang/Class;Ljava/lang/Class;)Z @ 14
Event: 7.078 Thread 0x0000000020c07000 Uncommon trap: reason=unstable_if action=reinterpret pc=0x0000000002d033a8 method=org.springframework.beans.factory.support.AbstractBeanFactory.isTypeMatch(Ljava/lang/String;Lorg/springframework/core/ResolvableType;Z)Z @ 34
Event: 7.333 Thread 0x0000000020c07000 Uncommon trap: reason=unstable_if action=reinterpret pc=0x0000000002fc5974 method=org.springframework.util.ConcurrentReferenceHashMap$Segment.clear()V @ 7
Event: 7.335 Thread 0x0000000020c07000 Uncommon trap: reason=class_check action=maybe_recompile pc=0x000000000339d7b0 method=org.springframework.util.ConcurrentReferenceHashMap$ReferenceManager.pollForPurge()Lorg/springframework/util/ConcurrentReferenceHashMap$Reference; @ 7
Event: 7.336 Thread 0x0000000020c07000 Uncommon trap: reason=class_check action=maybe_recompile pc=0x000000000339d7b0 method=org.springframework.util.ConcurrentReferenceHashMap$ReferenceManager.pollForPurge()Lorg/springframework/util/ConcurrentReferenceHashMap$Reference; @ 7

Classes redefined (0 events):
No events

Internal exceptions (10 events):
Event: 6.770 Thread 0x0000000020c07000 Exception <a 'java/lang/ClassNotFoundException': org/springframework/web/servlet/config/annotation/WebMvcConfigurationSupportCustomizer> (0x000000076ba786c8) thrown at [C:\re\workspace\8-2-build-windows-amd64-cygwin\jdk8u191\11896\hotspot\src\share\vm\cla
Event: 6.771 Thread 0x0000000020c07000 Exception <a 'java/lang/ClassNotFoundException': org/springframework/web/servlet/config/annotation/DelegatingWebMvcConfigurationCustomizer> (0x000000076bb58b18) thrown at [C:\re\workspace\8-2-build-windows-amd64-cygwin\jdk8u191\11896\hotspot\src\share\vm\
Event: 6.772 Thread 0x0000000020c07000 Exception <a 'java/lang/ClassNotFoundException': org/springframework/boot/autoconfigure/web/servlet/WebMvcAutoConfiguration$EnableWebMvcConfigurationCustomizer> (0x000000076bb80600) thrown at [C:\re\workspace\8-2-build-windows-amd64-cygwin\jdk8u191\11896\
Event: 6.774 Thread 0x0000000020c07000 Exception <a 'java/lang/ClassNotFoundException': org/springframework/context/ResourceLoaderAwareCustomizer> (0x000000076bba9ed8) thrown at [C:\re\workspace\8-2-build-windows-amd64-cygwin\jdk8u191\11896\hotspot\src\share\vm\classfile\systemDictionary.cpp, 
Event: 6.774 Thread 0x0000000020c07000 Exception <a 'java/lang/ClassNotFoundException': org/springframework/beans/factory/AwareCustomizer> (0x000000076bbbddb0) thrown at [C:\re\workspace\8-2-build-windows-amd64-cygwin\jdk8u191\11896\hotspot\src\share\vm\classfile\systemDictionary.cpp, line 210
Event: 6.775 Thread 0x0000000020c07000 Exception <a 'java/lang/ClassNotFoundException': org/springframework/context/ApplicationContextAwareCustomizer> (0x000000076bbd3ec0) thrown at [C:\re\workspace\8-2-build-windows-amd64-cygwin\jdk8u191\11896\hotspot\src\share\vm\classfile\systemDictionary.c
Event: 6.776 Thread 0x0000000020c07000 Exception <a 'java/lang/ClassNotFoundException': org/springframework/beans/factory/AwareCustomizer> (0x000000076bbe83a0) thrown at [C:\re\workspace\8-2-build-windows-amd64-cygwin\jdk8u191\11896\hotspot\src\share\vm\classfile\systemDictionary.cpp, line 210
Event: 6.777 Thread 0x0000000020c07000 Exception <a 'java/lang/ClassNotFoundException': org/springframework/web/context/ServletContextAwareCustomizer> (0x000000076bbfe460) thrown at [C:\re\workspace\8-2-build-windows-amd64-cygwin\jdk8u191\11896\hotspot\src\share\vm\classfile\systemDictionary.c
Event: 6.778 Thread 0x0000000020c07000 Exception <a 'java/lang/ClassNotFoundException': org/springframework/beans/factory/AwareCustomizer> (0x000000076bc123b0) thrown at [C:\re\workspace\8-2-build-windows-amd64-cygwin\jdk8u191\11896\hotspot\src\share\vm\classfile\systemDictionary.cpp, line 210
Event: 6.992 Thread 0x0000000020c07000 Exception <a 'java/lang/IncompatibleClassChangeError': Found class java.lang.Object, but interface was expected> (0x000000076d0bf9f8) thrown at [C:\re\workspace\8-2-build-windows-amd64-cygwin\jdk8u191\11896\hotspot\src\share\vm\interpreter\linkResolver.cp

Events (10 events):
Event: 7.342 Thread 0x0000000020b24800 DEOPT UNPACKING pc=0x0000000002b97890 sp=0x000000002176e2c8 mode 1
Event: 7.343 loading class java/util/WeakHashMap$KeyIterator
Event: 7.343 loading class java/util/WeakHashMap$KeyIterator done
Event: 7.343 Thread 0x0000000020b24800 Thread exited: 0x0000000020b24800
Event: 7.343 Thread 0x0000000002a57000 Thread exited: 0x0000000002a57000
Event: 7.343 Thread 0x0000000024620800 Thread added: 0x0000000024620800
Event: 7.656 Thread 0x0000000024623800 DEOPT PACKING pc=0x000000000384eb2c sp=0x000000002b19de70
Event: 7.656 Thread 0x0000000024623800 DEOPT UNPACKING pc=0x0000000002b97890 sp=0x000000002b19dc68 mode 1
Event: 7.656 Thread 0x0000000024623800 DEOPT PACKING pc=0x0000000002f81ec7 sp=0x000000002b19dbb0
Event: 7.656 Thread 0x0000000024623800 DEOPT UNPACKING pc=0x0000000002b97890 sp=0x000000002b19d8d8 mode 0


Dynamic libraries:
0x00007ff79af50000 - 0x00007ff79af87000 	C:\Program Files\Java\jdk1.8.0_191\bin\java.exe
0x00007ff944880000 - 0x00007ff944a87000 	C:\WINDOWS\SYSTEM32\ntdll.dll
0x00007ff943720000 - 0x00007ff9437dd000 	C:\WINDOWS\System32\KERNEL32.DLL
0x00007ff941e90000 - 0x00007ff942204000 	C:\WINDOWS\System32\KERNELBASE.dll
0x00007ff942cf0000 - 0x00007ff942d9e000 	C:\WINDOWS\System32\ADVAPI32.dll
0x00007ff943200000 - 0x00007ff9432a3000 	C:\WINDOWS\System32\msvcrt.dll
0x00007ff942ea0000 - 0x00007ff942f3e000 	C:\WINDOWS\System32\sechost.dll
0x00007ff9437e0000 - 0x00007ff943900000 	C:\WINDOWS\System32\RPCRT4.dll
0x00007ff9442f0000 - 0x00007ff94449c000 	C:\WINDOWS\System32\USER32.dll
0x00007ff9426f0000 - 0x00007ff942716000 	C:\WINDOWS\System32\win32u.dll
0x00007ff942f40000 - 0x00007ff942f69000 	C:\WINDOWS\System32\GDI32.dll
0x00007ff941d70000 - 0x00007ff941e82000 	C:\WINDOWS\System32\gdi32full.dll
0x00007ff9424e0000 - 0x00007ff94257d000 	C:\WINDOWS\System32\msvcp_win.dll
0x00007ff942210000 - 0x00007ff942321000 	C:\WINDOWS\System32\ucrtbase.dll
0x00007ff91e6e0000 - 0x00007ff91e985000 	C:\WINDOWS\WinSxS\amd64_microsoft.windows.common-controls_6595b64144ccf1df_6.0.22000.120_none_9d947278b86cc467\COMCTL32.dll
0x00007ff942e40000 - 0x00007ff942e71000 	C:\WINDOWS\System32\IMM32.DLL
0x000000006c0b0000 - 0x000000006c182000 	C:\Program Files\Java\jdk1.8.0_191\jre\bin\msvcr100.dll
0x000000006b800000 - 0x000000006c0a4000 	C:\Program Files\Java\jdk1.8.0_191\jre\bin\server\jvm.dll
0x00007ff9442e0000 - 0x00007ff9442e8000 	C:\WINDOWS\System32\PSAPI.DLL
0x00007ff937000000 - 0x00007ff93700a000 	C:\WINDOWS\SYSTEM32\VERSION.dll
0x00007ff9381a0000 - 0x00007ff9381d3000 	C:\WINDOWS\SYSTEM32\WINMM.dll
0x00007ff926af0000 - 0x00007ff926af9000 	C:\WINDOWS\SYSTEM32\WSOCK32.dll
0x00007ff944270000 - 0x00007ff9442df000 	C:\WINDOWS\System32\WS2_32.dll
0x000000006b7f0000 - 0x000000006b7ff000 	C:\Program Files\Java\jdk1.8.0_191\jre\bin\verify.dll
0x000000006b7c0000 - 0x000000006b7e9000 	C:\Program Files\Java\jdk1.8.0_191\jre\bin\java.dll
0x000000006b760000 - 0x000000006b795000 	C:\Program Files\Java\jdk1.8.0_191\jre\bin\jdwp.dll
0x000000006b750000 - 0x000000006b758000 	C:\Program Files\Java\jdk1.8.0_191\jre\bin\npt.dll
0x000000006b720000 - 0x000000006b743000 	C:\Program Files\Java\jdk1.8.0_191\jre\bin\instrument.dll
0x000000006b7a0000 - 0x000000006b7b6000 	C:\Program Files\Java\jdk1.8.0_191\jre\bin\zip.dll
0x00007ff943900000 - 0x00007ff9440ae000 	C:\WINDOWS\System32\SHELL32.dll
0x00007ff93fee0000 - 0x00007ff940747000 	C:\WINDOWS\SYSTEM32\windows.storage.dll
0x00007ff9444c0000 - 0x00007ff944838000 	C:\WINDOWS\System32\combase.dll
0x00007ff93fd70000 - 0x00007ff93fed6000 	C:\WINDOWS\SYSTEM32\wintypes.dll
0x00007ff942a60000 - 0x00007ff942b4a000 	C:\WINDOWS\System32\SHCORE.dll
0x00007ff942840000 - 0x00007ff94289d000 	C:\WINDOWS\System32\shlwapi.dll
0x00007ff941ca0000 - 0x00007ff941cc1000 	C:\WINDOWS\SYSTEM32\profapi.dll
0x000000006b6d0000 - 0x000000006b6d9000 	C:\Program Files\Java\jdk1.8.0_191\jre\bin\dt_socket.dll
0x00007ff941390000 - 0x00007ff9413f7000 	C:\WINDOWS\system32\mswsock.dll
0x000000006b6c0000 - 0x000000006b6cd000 	C:\Program Files\Java\jdk1.8.0_191\jre\bin\management.dll
0x000000006b700000 - 0x000000006b71a000 	C:\Program Files\Java\jdk1.8.0_191\jre\bin\net.dll
0x00007ff91ffd0000 - 0x00007ff91ffe7000 	C:\WINDOWS\system32\napinsp.dll
0x00007ff91ffb0000 - 0x00007ff91ffcb000 	C:\WINDOWS\system32\pnrpnsp.dll
0x00007ff940a80000 - 0x00007ff940b67000 	C:\WINDOWS\SYSTEM32\DNSAPI.dll
0x00007ff940a10000 - 0x00007ff940a3d000 	C:\WINDOWS\SYSTEM32\IPHLPAPI.DLL
0x00007ff9428b0000 - 0x00007ff9428b9000 	C:\WINDOWS\System32\NSI.dll
0x00007ff91ff90000 - 0x00007ff91ffa2000 	C:\WINDOWS\System32\winrnr.dll
0x00007ff937030000 - 0x00007ff937045000 	C:\WINDOWS\system32\wshbth.dll
0x00007ff91ff60000 - 0x00007ff91ff7f000 	C:\WINDOWS\system32\nlansp_c.dll
0x00007ff936b30000 - 0x00007ff936b3a000 	C:\Windows\System32\rasadhlp.dll
0x00007ff936b60000 - 0x00007ff936be1000 	C:\WINDOWS\System32\fwpuclnt.dll
0x000000006b6e0000 - 0x000000006b6f1000 	C:\Program Files\Java\jdk1.8.0_191\jre\bin\nio.dll
0x00007ff9415e0000 - 0x00007ff9415f8000 	C:\WINDOWS\SYSTEM32\CRYPTSP.dll
0x00007ff940ec0000 - 0x00007ff940ef5000 	C:\WINDOWS\system32\rsaenh.dll
0x00007ff941480000 - 0x00007ff9414a9000 	C:\WINDOWS\SYSTEM32\USERENV.dll
0x00007ff941750000 - 0x00007ff941777000 	C:\WINDOWS\SYSTEM32\bcrypt.dll
0x00007ff942460000 - 0x00007ff9424df000 	C:\WINDOWS\System32\bcryptprimitives.dll
0x00007ff9415d0000 - 0x00007ff9415dc000 	C:\WINDOWS\SYSTEM32\CRYPTBASE.dll
0x00007ff938810000 - 0x00007ff938829000 	C:\WINDOWS\SYSTEM32\dhcpcsvc6.DLL
0x00007ff9394c0000 - 0x00007ff9394de000 	C:\WINDOWS\SYSTEM32\dhcpcsvc.DLL
0x000000006b690000 - 0x000000006b6b4000 	C:\Program Files\Java\jdk1.8.0_191\jre\bin\sunec.dll
0x000000006b680000 - 0x000000006b68b000 	C:\Program Files\Java\jdk1.8.0_191\jre\bin\sunmscapi.dll
0x00007ff942580000 - 0x00007ff9426e2000 	C:\WINDOWS\System32\CRYPT32.dll

VM Arguments:
jvm_args: -agentlib:jdwp=transport=dt_socket,address=127.0.0.1:56001,suspend=y,server=n -javaagent:C:\Users\OLGA\AppData\Local\JetBrains\IdeaIC2021.2\captureAgent\debugger-agent.jar -Dfile.encoding=UTF-8 
java_command: com.orb.caveweb.CavewebApplication
java_class_path (initial): C:\Program Files\Java\jdk1.8.0_191\jre\lib\charsets.jar;C:\Program Files\Java\jdk1.8.0_191\jre\lib\deploy.jar;C:\Program Files\Java\jdk1.8.0_191\jre\lib\ext\access-bridge-64.jar;C:\Program Files\Java\jdk1.8.0_191\jre\lib\ext\cldrdata.jar;C:\Program Files\Java\jdk1.8.0_191\jre\lib\ext\dnsns.jar;C:\Program Files\Java\jdk1.8.0_191\jre\lib\ext\jaccess.jar;C:\Program Files\Java\jdk1.8.0_191\jre\lib\ext\jfxrt.jar;C:\Program Files\Java\jdk1.8.0_191\jre\lib\ext\localedata.jar;C:\Program Files\Java\jdk1.8.0_191\jre\lib\ext\nashorn.jar;C:\Program Files\Java\jdk1.8.0_191\jre\lib\ext\sunec.jar;C:\Program Files\Java\jdk1.8.0_191\jre\lib\ext\sunjce_provider.jar;C:\Program Files\Java\jdk1.8.0_191\jre\lib\ext\sunmscapi.jar;C:\Program Files\Java\jdk1.8.0_191\jre\lib\ext\sunpkcs11.jar;C:\Program Files\Java\jdk1.8.0_191\jre\lib\ext\zipfs.jar;C:\Program Files\Java\jdk1.8.0_191\jre\lib\javaws.jar;C:\Program Files\Java\jdk1.8.0_191\jre\lib\jce.jar;C:\Program Files\Java\jdk1.8.0_191\jre\lib\jfr.jar;C:\Program Files\Java\jdk1.8.0_191\jre\lib\jfxswt.jar;C:\Program Files\Java\jdk1.8.0_191\jre\lib\jsse.jar;C:\Program Files\Java\jdk1.8.0_191\jre\lib\management-agent.jar;C:\Program Files\Java\jdk1.8.0_191\jre\lib\plugin.jar;C:\Program Files\Java\jdk1.8.0_191\jre\lib\resources.jar;C:\Program Files\Java\jdk1.8.0_191\jre\lib\rt.jar;C:\D\projectsWeb\caveWeb\caveweb\target\classes;C:\Users\OLGA\.m2\repository\org\springframework\boot\spring-boot-starter-data-jpa\2.6.3\spring-boot-starter-data-jpa-2.6.3.jar;C:\Users\OLGA\.m2\repository\org\springframework\boot\spring-boot-starter-aop\2.6.3\spring-boot-starter-aop-2.6.3.jar;C:\Users\OLGA\.m2\repository\org\springframework\spring-aop\5.3.15\spring-aop-5.3.15.jar;C:\Users\OLGA\.m2\repository\org\aspectj\aspectjweaver\1.9.7\aspectjweaver-1.9.7.jar;C:\Users\OLGA\.m2\repository\org\springframework\boot\spring-boot-starter-jdbc\2.6.3\spring-boot-starter-jdbc-2.6.3.jar;C:\Users\OLGA\.m2\repository\com\zaxxer\HikariCP\4.0.3\Hikari
Launcher Type: SUN_STANDARD

Environment Variables:
JAVA_HOME=C:\Program Files\Java\jdk1.8.0_191
PATH=C:\Development\maven\apache-maven-3.8.4\bin;C:\Python27\;C:\Python27\Scripts;C:\Program Files (x86)\Common Files\Oracle\Java\javapath;C:\Program Files (x86)\Intel\Intel(R) Management Engine Components\iCLS\;C:\Program Files\Intel\Intel(R) Management Engine Components\iCLS\;C:\Windows\system32;C:\Windows;C:\Windows\System32\Wbem;C:\Windows\System32\WindowsPowerShell\v1.0\;C:\Windows\System32\OpenSSH\;C:\Program Files (x86)\Intel\Intel(R) Management Engine Components\DAL;C:\Program Files\Intel\Intel(R) Management Engine Components\DAL;C:\Program Files (x86)\NVIDIA Corporation\PhysX\Common;C:\Program Files\Intel\WiFi\bin\;C:\Program Files\Common Files\Intel\WirelessCommon\;C:\Program Files\Java\jdk1.8.0_191\bin;C:\Development\maven\apache-maven-3.6.0;C:\Program Files\Common Files\Autodesk Shared\;C:\Program Files (x86)\Autodesk\Backburner\;C:\Program Files\NVIDIA Corporation\NVIDIA NvDLISR;C:\WINDOWS\system32;C:\WINDOWS;C:\WINDOWS\System32\Wbem;C:\WINDOWS\System32\WindowsPowerShell\v1.0\;C:\WINDOWS\System32\OpenSSH\;C:\Program Files (x86)\Calibre2\;C:\Program Files\Git\cmd;C:\wamp64\bin\php\php7.1.33;C:\composer;C:\Program Files\Symfony;C:\ProgramData\chocolatey\bin;C:\Program Files\nodejs\;C:\Program Files\Amazon\AWSCLIV2\;C:\Gradle\gradle-7.3.3\bin;C:\Users\OLGA\AppData\Local\Microsoft\WindowsApps;C:\Program Files\Java\jdk1.8.0_191;C:\Development\maven\apache-maven-3.6.0;C:\Users\OLGA\AppData\Local\GitHubDesktop\bin;C:\Program Files\JetBrains\WebStorm 2019.1.2\bin;C:\Users\OLGA\AppData\Roaming\Composer\vendor\bin;C:\Users\OLGA\AppData\Local\Programs\Microsoft VS Code\bin;C:\Users\OLGA\AppData\Roaming\npm;C:\Users\OLGA\AppData\Local\atom\bin;%USERPROFILE%\AppData\Local\Microsoft\WindowsApps;
USERNAME=OLGA
OS=Windows_NT
PROCESSOR_IDENTIFIER=Intel64 Family 6 Model 158 Stepping 10, GenuineIntel



---------------  S Y S T E M  ---------------

OS: Windows 10.0 , 64 bit Build 22000 (10.0.22000.434)

CPU:total 12 (initial active 12) (6 cores per cpu, 2 threads per core) family 6 model 158 stepping 10, cmov, cx8, fxsr, mmx, sse, sse2, sse3, ssse3, sse4.1, sse4.2, popcnt, avx, avx2, aes, clmul, erms, rtm, 3dnowpref, lzcnt, ht, tsc, tscinvbit, bmi1, bmi2, adx

Memory: 4k page, physical 16624828k(2085612k free), swap 39148740k(8868k free)

vm_info: Java HotSpot(TM) 64-Bit Server VM (25.191-b12) for windows-amd64 JRE (1.8.0_191-b12), built on Oct  6 2018 09:29:03 by "java_re" with MS VC++ 10.0 (VS2010)

time: Mon Jan 31 16:34:24 2022
elapsed time: 7 seconds (0d 0h 0m 7s)

